<?xml version="1.0" encoding="UTF-8"?>
<!-- Generated by org.testng.reporters.JUnitReportReporter -->
<testsuite skipped="0" hostname="DESKTOP-C8H77MF" name="olxautomation.olxautomation.AppTest" tests="1" failures="0" timestamp="2021-07-07T19:27:29 IST" time="29.833" errors="0">
  <testcase name="refreshAds" time="29.833" classname="olxautomation.olxautomation.AppTest"/>
  <system-out/>
</testsuite> <!-- olxautomation.olxautomation.AppTest -->
